ARM GAS  C:\Users\Admin\AppData\Local\Temp\ccLblb3P.s 			page 1


   1              		.cpu cortex-m3
   2              		.arch armv7-m
   3              		.fpu softvfp
   4              		.eabi_attribute 20, 1
   5              		.eabi_attribute 21, 1
   6              		.eabi_attribute 23, 3
   7              		.eabi_attribute 24, 1
   8              		.eabi_attribute 25, 1
   9              		.eabi_attribute 26, 1
  10              		.eabi_attribute 30, 1
  11              		.eabi_attribute 34, 1
  12              		.eabi_attribute 18, 4
  13              		.file	"gpio.c"
  14              		.text
  15              	.Ltext0:
  16              		.cfi_sections	.debug_frame
  17              		.section	.text.MX_GPIO_Init,"ax",%progbits
  18              		.align	1
  19              		.global	MX_GPIO_Init
  20              		.syntax unified
  21              		.thumb
  22              		.thumb_func
  24              	MX_GPIO_Init:
  25              	.LFB65:
  26              		.file 1 "Core/Src/gpio.c"
   1:Core/Src/gpio.c **** /* USER CODE BEGIN Header */
   2:Core/Src/gpio.c **** /**
   3:Core/Src/gpio.c ****   ******************************************************************************
   4:Core/Src/gpio.c ****   * @file    gpio.c
   5:Core/Src/gpio.c ****   * @brief   This file provides code for the configuration
   6:Core/Src/gpio.c ****   *          of all used GPIO pins.
   7:Core/Src/gpio.c ****   ******************************************************************************
   8:Core/Src/gpio.c ****   * @attention
   9:Core/Src/gpio.c ****   *
  10:Core/Src/gpio.c ****   * Copyright (c) 2023 STMicroelectronics.
  11:Core/Src/gpio.c ****   * All rights reserved.
  12:Core/Src/gpio.c ****   *
  13:Core/Src/gpio.c ****   * This software is licensed under terms that can be found in the LICENSE file
  14:Core/Src/gpio.c ****   * in the root directory of this software component.
  15:Core/Src/gpio.c ****   * If no LICENSE file comes with this software, it is provided AS-IS.
  16:Core/Src/gpio.c ****   *
  17:Core/Src/gpio.c ****   ******************************************************************************
  18:Core/Src/gpio.c ****   */
  19:Core/Src/gpio.c **** /* USER CODE END Header */
  20:Core/Src/gpio.c **** 
  21:Core/Src/gpio.c **** /* Includes ------------------------------------------------------------------*/
  22:Core/Src/gpio.c **** #include "gpio.h"
  23:Core/Src/gpio.c **** 
  24:Core/Src/gpio.c **** /* USER CODE BEGIN 0 */
  25:Core/Src/gpio.c **** 
  26:Core/Src/gpio.c **** /* USER CODE END 0 */
  27:Core/Src/gpio.c **** 
  28:Core/Src/gpio.c **** /*----------------------------------------------------------------------------*/
  29:Core/Src/gpio.c **** /* Configure GPIO                                                             */
  30:Core/Src/gpio.c **** /*----------------------------------------------------------------------------*/
  31:Core/Src/gpio.c **** /* USER CODE BEGIN 1 */
  32:Core/Src/gpio.c **** 
ARM GAS  C:\Users\Admin\AppData\Local\Temp\ccLblb3P.s 			page 2


  33:Core/Src/gpio.c **** /* USER CODE END 1 */
  34:Core/Src/gpio.c **** 
  35:Core/Src/gpio.c **** /** Configure pins as
  36:Core/Src/gpio.c ****         * Analog
  37:Core/Src/gpio.c ****         * Input
  38:Core/Src/gpio.c ****         * Output
  39:Core/Src/gpio.c ****         * EVENT_OUT
  40:Core/Src/gpio.c ****         * EXTI
  41:Core/Src/gpio.c **** */
  42:Core/Src/gpio.c **** void MX_GPIO_Init(void)
  43:Core/Src/gpio.c **** {
  27              		.loc 1 43 1 view -0
  28              		.cfi_startproc
  29              		@ args = 0, pretend = 0, frame = 32
  30              		@ frame_needed = 0, uses_anonymous_args = 0
  31 0000 2DE9F043 		push	{r4, r5, r6, r7, r8, r9, lr}
  32              	.LCFI0:
  33              		.cfi_def_cfa_offset 28
  34              		.cfi_offset 4, -28
  35              		.cfi_offset 5, -24
  36              		.cfi_offset 6, -20
  37              		.cfi_offset 7, -16
  38              		.cfi_offset 8, -12
  39              		.cfi_offset 9, -8
  40              		.cfi_offset 14, -4
  41 0004 89B0     		sub	sp, sp, #36
  42              	.LCFI1:
  43              		.cfi_def_cfa_offset 64
  44:Core/Src/gpio.c **** 
  45:Core/Src/gpio.c ****   GPIO_InitTypeDef GPIO_InitStruct = {0};
  44              		.loc 1 45 3 view .LVU1
  45              		.loc 1 45 20 is_stmt 0 view .LVU2
  46 0006 0024     		movs	r4, #0
  47 0008 0494     		str	r4, [sp, #16]
  48 000a 0594     		str	r4, [sp, #20]
  49 000c 0694     		str	r4, [sp, #24]
  50 000e 0794     		str	r4, [sp, #28]
  46:Core/Src/gpio.c **** 
  47:Core/Src/gpio.c ****   /* GPIO Ports Clock Enable */
  48:Core/Src/gpio.c ****   __HAL_RCC_GPIOD_CLK_ENABLE();
  51              		.loc 1 48 3 is_stmt 1 view .LVU3
  52              	.LBB2:
  53              		.loc 1 48 3 view .LVU4
  54              		.loc 1 48 3 view .LVU5
  55 0010 394B     		ldr	r3, .L3
  56 0012 9A69     		ldr	r2, [r3, #24]
  57 0014 42F02002 		orr	r2, r2, #32
  58 0018 9A61     		str	r2, [r3, #24]
  59              		.loc 1 48 3 view .LVU6
  60 001a 9A69     		ldr	r2, [r3, #24]
  61 001c 02F02002 		and	r2, r2, #32
  62 0020 0092     		str	r2, [sp]
  63              		.loc 1 48 3 view .LVU7
  64 0022 009A     		ldr	r2, [sp]
  65              	.LBE2:
  66              		.loc 1 48 3 view .LVU8
  49:Core/Src/gpio.c ****   __HAL_RCC_GPIOC_CLK_ENABLE();
ARM GAS  C:\Users\Admin\AppData\Local\Temp\ccLblb3P.s 			page 3


  67              		.loc 1 49 3 view .LVU9
  68              	.LBB3:
  69              		.loc 1 49 3 view .LVU10
  70              		.loc 1 49 3 view .LVU11
  71 0024 9A69     		ldr	r2, [r3, #24]
  72 0026 42F01002 		orr	r2, r2, #16
  73 002a 9A61     		str	r2, [r3, #24]
  74              		.loc 1 49 3 view .LVU12
  75 002c 9A69     		ldr	r2, [r3, #24]
  76 002e 02F01002 		and	r2, r2, #16
  77 0032 0192     		str	r2, [sp, #4]
  78              		.loc 1 49 3 view .LVU13
  79 0034 019A     		ldr	r2, [sp, #4]
  80              	.LBE3:
  81              		.loc 1 49 3 view .LVU14
  50:Core/Src/gpio.c ****   __HAL_RCC_GPIOA_CLK_ENABLE();
  82              		.loc 1 50 3 view .LVU15
  83              	.LBB4:
  84              		.loc 1 50 3 view .LVU16
  85              		.loc 1 50 3 view .LVU17
  86 0036 9A69     		ldr	r2, [r3, #24]
  87 0038 42F00402 		orr	r2, r2, #4
  88 003c 9A61     		str	r2, [r3, #24]
  89              		.loc 1 50 3 view .LVU18
  90 003e 9A69     		ldr	r2, [r3, #24]
  91 0040 02F00402 		and	r2, r2, #4
  92 0044 0292     		str	r2, [sp, #8]
  93              		.loc 1 50 3 view .LVU19
  94 0046 029A     		ldr	r2, [sp, #8]
  95              	.LBE4:
  96              		.loc 1 50 3 view .LVU20
  51:Core/Src/gpio.c ****   __HAL_RCC_GPIOB_CLK_ENABLE();
  97              		.loc 1 51 3 view .LVU21
  98              	.LBB5:
  99              		.loc 1 51 3 view .LVU22
 100              		.loc 1 51 3 view .LVU23
 101 0048 9A69     		ldr	r2, [r3, #24]
 102 004a 42F00802 		orr	r2, r2, #8
 103 004e 9A61     		str	r2, [r3, #24]
 104              		.loc 1 51 3 view .LVU24
 105 0050 9B69     		ldr	r3, [r3, #24]
 106 0052 03F00803 		and	r3, r3, #8
 107 0056 0393     		str	r3, [sp, #12]
 108              		.loc 1 51 3 view .LVU25
 109 0058 039B     		ldr	r3, [sp, #12]
 110              	.LBE5:
 111              		.loc 1 51 3 view .LVU26
  52:Core/Src/gpio.c **** 
  53:Core/Src/gpio.c ****   /*Configure GPIO pin Output Level */
  54:Core/Src/gpio.c ****   HAL_GPIO_WritePin(GPIOC, EXT_IO1_Pin|EXT_IO2_Pin|EXT_IO3_Pin|EXT_IO4_Pin, GPIO_PIN_RESET);
 112              		.loc 1 54 3 view .LVU27
 113 005a DFF8A090 		ldr	r9, .L3+4
 114 005e 2246     		mov	r2, r4
 115 0060 0F21     		movs	r1, #15
 116 0062 4846     		mov	r0, r9
 117 0064 FFF7FEFF 		bl	HAL_GPIO_WritePin
 118              	.LVL0:
ARM GAS  C:\Users\Admin\AppData\Local\Temp\ccLblb3P.s 			page 4


  55:Core/Src/gpio.c **** 
  56:Core/Src/gpio.c ****   /*Configure GPIO pin Output Level */
  57:Core/Src/gpio.c ****   HAL_GPIO_WritePin(GPIOA, LED2_Pin|LED1_Pin|LED3_Pin, GPIO_PIN_RESET);
 119              		.loc 1 57 3 view .LVU28
 120 0068 DFF89480 		ldr	r8, .L3+8
 121 006c 2246     		mov	r2, r4
 122 006e 0E21     		movs	r1, #14
 123 0070 4046     		mov	r0, r8
 124 0072 FFF7FEFF 		bl	HAL_GPIO_WritePin
 125              	.LVL1:
  58:Core/Src/gpio.c **** 
  59:Core/Src/gpio.c ****   /*Configure GPIO pin Output Level */
  60:Core/Src/gpio.c ****   HAL_GPIO_WritePin(GPIOB, RST_Pin|WAKEUP_Pin|EXTON_Pin, GPIO_PIN_RESET);
 126              		.loc 1 60 3 view .LVU29
 127 0076 234E     		ldr	r6, .L3+12
 128 0078 2246     		mov	r2, r4
 129 007a 4FF4E041 		mov	r1, #28672
 130 007e 3046     		mov	r0, r6
 131 0080 FFF7FEFF 		bl	HAL_GPIO_WritePin
 132              	.LVL2:
  61:Core/Src/gpio.c **** 
  62:Core/Src/gpio.c ****   /*Configure GPIO pins : PCPin PCPin PCPin PCPin */
  63:Core/Src/gpio.c ****   GPIO_InitStruct.Pin = EXT_IO1_Pin|EXT_IO2_Pin|EXT_IO3_Pin|EXT_IO4_Pin;
 133              		.loc 1 63 3 view .LVU30
 134              		.loc 1 63 23 is_stmt 0 view .LVU31
 135 0084 0F23     		movs	r3, #15
 136 0086 0493     		str	r3, [sp, #16]
  64:Core/Src/gpio.c ****   GPIO_InitStruct.Mode = GPIO_MODE_OUTPUT_PP;
 137              		.loc 1 64 3 is_stmt 1 view .LVU32
 138              		.loc 1 64 24 is_stmt 0 view .LVU33
 139 0088 0125     		movs	r5, #1
 140 008a 0595     		str	r5, [sp, #20]
  65:Core/Src/gpio.c ****   GPIO_InitStruct.Pull = GPIO_NOPULL;
 141              		.loc 1 65 3 is_stmt 1 view .LVU34
 142              		.loc 1 65 24 is_stmt 0 view .LVU35
 143 008c 0694     		str	r4, [sp, #24]
  66:Core/Src/gpio.c ****   GPIO_InitStruct.Speed = GPIO_SPEED_FREQ_LOW;
 144              		.loc 1 66 3 is_stmt 1 view .LVU36
 145              		.loc 1 66 25 is_stmt 0 view .LVU37
 146 008e 0227     		movs	r7, #2
 147 0090 0797     		str	r7, [sp, #28]
  67:Core/Src/gpio.c ****   HAL_GPIO_Init(GPIOC, &GPIO_InitStruct);
 148              		.loc 1 67 3 is_stmt 1 view .LVU38
 149 0092 04A9     		add	r1, sp, #16
 150 0094 4846     		mov	r0, r9
 151 0096 FFF7FEFF 		bl	HAL_GPIO_Init
 152              	.LVL3:
  68:Core/Src/gpio.c **** 
  69:Core/Src/gpio.c ****   /*Configure GPIO pins : PAPin PAPin */
  70:Core/Src/gpio.c ****   GPIO_InitStruct.Pin = BTN_Pin|INT_Pin;
 153              		.loc 1 70 3 view .LVU39
 154              		.loc 1 70 23 is_stmt 0 view .LVU40
 155 009a 40F20113 		movw	r3, #257
 156 009e 0493     		str	r3, [sp, #16]
  71:Core/Src/gpio.c ****   GPIO_InitStruct.Mode = GPIO_MODE_INPUT;
 157              		.loc 1 71 3 is_stmt 1 view .LVU41
 158              		.loc 1 71 24 is_stmt 0 view .LVU42
ARM GAS  C:\Users\Admin\AppData\Local\Temp\ccLblb3P.s 			page 5


 159 00a0 0594     		str	r4, [sp, #20]
  72:Core/Src/gpio.c ****   GPIO_InitStruct.Pull = GPIO_NOPULL;
 160              		.loc 1 72 3 is_stmt 1 view .LVU43
 161              		.loc 1 72 24 is_stmt 0 view .LVU44
 162 00a2 0694     		str	r4, [sp, #24]
  73:Core/Src/gpio.c ****   HAL_GPIO_Init(GPIOA, &GPIO_InitStruct);
 163              		.loc 1 73 3 is_stmt 1 view .LVU45
 164 00a4 04A9     		add	r1, sp, #16
 165 00a6 4046     		mov	r0, r8
 166 00a8 FFF7FEFF 		bl	HAL_GPIO_Init
 167              	.LVL4:
  74:Core/Src/gpio.c **** 
  75:Core/Src/gpio.c ****   /*Configure GPIO pins : PAPin PAPin PAPin */
  76:Core/Src/gpio.c ****   GPIO_InitStruct.Pin = LED2_Pin|LED1_Pin|LED3_Pin;
 168              		.loc 1 76 3 view .LVU46
 169              		.loc 1 76 23 is_stmt 0 view .LVU47
 170 00ac 0E23     		movs	r3, #14
 171 00ae 0493     		str	r3, [sp, #16]
  77:Core/Src/gpio.c ****   GPIO_InitStruct.Mode = GPIO_MODE_OUTPUT_PP;
 172              		.loc 1 77 3 is_stmt 1 view .LVU48
 173              		.loc 1 77 24 is_stmt 0 view .LVU49
 174 00b0 0595     		str	r5, [sp, #20]
  78:Core/Src/gpio.c ****   GPIO_InitStruct.Pull = GPIO_NOPULL;
 175              		.loc 1 78 3 is_stmt 1 view .LVU50
 176              		.loc 1 78 24 is_stmt 0 view .LVU51
 177 00b2 0694     		str	r4, [sp, #24]
  79:Core/Src/gpio.c ****   GPIO_InitStruct.Speed = GPIO_SPEED_FREQ_LOW;
 178              		.loc 1 79 3 is_stmt 1 view .LVU52
 179              		.loc 1 79 25 is_stmt 0 view .LVU53
 180 00b4 0797     		str	r7, [sp, #28]
  80:Core/Src/gpio.c ****   HAL_GPIO_Init(GPIOA, &GPIO_InitStruct);
 181              		.loc 1 80 3 is_stmt 1 view .LVU54
 182 00b6 04A9     		add	r1, sp, #16
 183 00b8 4046     		mov	r0, r8
 184 00ba FFF7FEFF 		bl	HAL_GPIO_Init
 185              	.LVL5:
  81:Core/Src/gpio.c **** 
  82:Core/Src/gpio.c ****   /*Configure GPIO pin : PtPin */
  83:Core/Src/gpio.c ****   GPIO_InitStruct.Pin = SPI1_IRQ_Pin;
 186              		.loc 1 83 3 view .LVU55
 187              		.loc 1 83 23 is_stmt 0 view .LVU56
 188 00be 0495     		str	r5, [sp, #16]
  84:Core/Src/gpio.c ****   GPIO_InitStruct.Mode = GPIO_MODE_IT_RISING;
 189              		.loc 1 84 3 is_stmt 1 view .LVU57
 190              		.loc 1 84 24 is_stmt 0 view .LVU58
 191 00c0 114B     		ldr	r3, .L3+16
 192 00c2 0593     		str	r3, [sp, #20]
  85:Core/Src/gpio.c ****   GPIO_InitStruct.Pull = GPIO_NOPULL;
 193              		.loc 1 85 3 is_stmt 1 view .LVU59
 194              		.loc 1 85 24 is_stmt 0 view .LVU60
 195 00c4 0694     		str	r4, [sp, #24]
  86:Core/Src/gpio.c ****   HAL_GPIO_Init(SPI1_IRQ_GPIO_Port, &GPIO_InitStruct);
 196              		.loc 1 86 3 is_stmt 1 view .LVU61
 197 00c6 04A9     		add	r1, sp, #16
 198 00c8 3046     		mov	r0, r6
 199 00ca FFF7FEFF 		bl	HAL_GPIO_Init
 200              	.LVL6:
ARM GAS  C:\Users\Admin\AppData\Local\Temp\ccLblb3P.s 			page 6


  87:Core/Src/gpio.c **** 
  88:Core/Src/gpio.c ****   /*Configure GPIO pins : PBPin PBPin PBPin */
  89:Core/Src/gpio.c ****   GPIO_InitStruct.Pin = RST_Pin|WAKEUP_Pin|EXTON_Pin;
 201              		.loc 1 89 3 view .LVU62
 202              		.loc 1 89 23 is_stmt 0 view .LVU63
 203 00ce 4FF4E043 		mov	r3, #28672
 204 00d2 0493     		str	r3, [sp, #16]
  90:Core/Src/gpio.c ****   GPIO_InitStruct.Mode = GPIO_MODE_OUTPUT_PP;
 205              		.loc 1 90 3 is_stmt 1 view .LVU64
 206              		.loc 1 90 24 is_stmt 0 view .LVU65
 207 00d4 0595     		str	r5, [sp, #20]
  91:Core/Src/gpio.c ****   GPIO_InitStruct.Pull = GPIO_NOPULL;
 208              		.loc 1 91 3 is_stmt 1 view .LVU66
 209              		.loc 1 91 24 is_stmt 0 view .LVU67
 210 00d6 0694     		str	r4, [sp, #24]
  92:Core/Src/gpio.c ****   GPIO_InitStruct.Speed = GPIO_SPEED_FREQ_LOW;
 211              		.loc 1 92 3 is_stmt 1 view .LVU68
 212              		.loc 1 92 25 is_stmt 0 view .LVU69
 213 00d8 0797     		str	r7, [sp, #28]
  93:Core/Src/gpio.c ****   HAL_GPIO_Init(GPIOB, &GPIO_InitStruct);
 214              		.loc 1 93 3 is_stmt 1 view .LVU70
 215 00da 04A9     		add	r1, sp, #16
 216 00dc 3046     		mov	r0, r6
 217 00de FFF7FEFF 		bl	HAL_GPIO_Init
 218              	.LVL7:
  94:Core/Src/gpio.c **** 
  95:Core/Src/gpio.c ****   /* EXTI interrupt init*/
  96:Core/Src/gpio.c ****   HAL_NVIC_SetPriority(EXTI0_IRQn, 0, 0);
 219              		.loc 1 96 3 view .LVU71
 220 00e2 2246     		mov	r2, r4
 221 00e4 2146     		mov	r1, r4
 222 00e6 0620     		movs	r0, #6
 223 00e8 FFF7FEFF 		bl	HAL_NVIC_SetPriority
 224              	.LVL8:
  97:Core/Src/gpio.c ****   HAL_NVIC_EnableIRQ(EXTI0_IRQn);
 225              		.loc 1 97 3 view .LVU72
 226 00ec 0620     		movs	r0, #6
 227 00ee FFF7FEFF 		bl	HAL_NVIC_EnableIRQ
 228              	.LVL9:
  98:Core/Src/gpio.c **** 
  99:Core/Src/gpio.c **** }
 229              		.loc 1 99 1 is_stmt 0 view .LVU73
 230 00f2 09B0     		add	sp, sp, #36
 231              	.LCFI2:
 232              		.cfi_def_cfa_offset 28
 233              		@ sp needed
 234 00f4 BDE8F083 		pop	{r4, r5, r6, r7, r8, r9, pc}
 235              	.L4:
 236              		.align	2
 237              	.L3:
 238 00f8 00100240 		.word	1073876992
 239 00fc 00100140 		.word	1073811456
 240 0100 00080140 		.word	1073809408
 241 0104 000C0140 		.word	1073810432
 242 0108 00001110 		.word	269549568
 243              		.cfi_endproc
 244              	.LFE65:
ARM GAS  C:\Users\Admin\AppData\Local\Temp\ccLblb3P.s 			page 7


 246              		.text
 247              	.Letext0:
 248              		.file 2 "d:\\10 2021.10\\arm-none-eabi\\include\\machine\\_default_types.h"
 249              		.file 3 "d:\\10 2021.10\\arm-none-eabi\\include\\sys\\_stdint.h"
 250              		.file 4 "Drivers/CMSIS/Device/ST/STM32F1xx/Include/stm32f103xe.h"
 251              		.file 5 "Drivers/STM32F1xx_HAL_Driver/Inc/stm32f1xx_hal_gpio.h"
 252              		.file 6 "Drivers/STM32F1xx_HAL_Driver/Inc/stm32f1xx_hal_cortex.h"
ARM GAS  C:\Users\Admin\AppData\Local\Temp\ccLblb3P.s 			page 8


DEFINED SYMBOLS
                            *ABS*:00000000 gpio.c
C:\Users\Admin\AppData\Local\Temp\ccLblb3P.s:18     .text.MX_GPIO_Init:00000000 $t
C:\Users\Admin\AppData\Local\Temp\ccLblb3P.s:24     .text.MX_GPIO_Init:00000000 MX_GPIO_Init
C:\Users\Admin\AppData\Local\Temp\ccLblb3P.s:238    .text.MX_GPIO_Init:000000f8 $d

UNDEFINED SYMBOLS
HAL_GPIO_WritePin
HAL_GPIO_Init
HAL_NVIC_SetPriority
HAL_NVIC_EnableIRQ
