ARM GAS  C:\Users\Admin\AppData\Local\Temp\ccjkpdat.s 			page 1


   1              		.cpu cortex-m3
   2              		.arch armv7-m
   3              		.fpu softvfp
   4              		.eabi_attribute 20, 1
   5              		.eabi_attribute 21, 1
   6              		.eabi_attribute 23, 3
   7              		.eabi_attribute 24, 1
   8              		.eabi_attribute 25, 1
   9              		.eabi_attribute 26, 1
  10              		.eabi_attribute 30, 1
  11              		.eabi_attribute 34, 1
  12              		.eabi_attribute 18, 4
  13              		.file	"usart.c"
  14              		.text
  15              	.Ltext0:
  16              		.cfi_sections	.debug_frame
  17              		.section	.text.MX_USART1_UART_Init,"ax",%progbits
  18              		.align	1
  19              		.global	MX_USART1_UART_Init
  20              		.syntax unified
  21              		.thumb
  22              		.thumb_func
  24              	MX_USART1_UART_Init:
  25              	.LFB65:
  26              		.file 1 "Core/Src/usart.c"
   1:Core/Src/usart.c **** /* USER CODE BEGIN Header */
   2:Core/Src/usart.c **** /**
   3:Core/Src/usart.c ****   ******************************************************************************
   4:Core/Src/usart.c ****   * @file    usart.c
   5:Core/Src/usart.c ****   * @brief   This file provides code for the configuration
   6:Core/Src/usart.c ****   *          of the USART instances.
   7:Core/Src/usart.c ****   ******************************************************************************
   8:Core/Src/usart.c ****   * @attention
   9:Core/Src/usart.c ****   *
  10:Core/Src/usart.c ****   * Copyright (c) 2023 STMicroelectronics.
  11:Core/Src/usart.c ****   * All rights reserved.
  12:Core/Src/usart.c ****   *
  13:Core/Src/usart.c ****   * This software is licensed under terms that can be found in the LICENSE file
  14:Core/Src/usart.c ****   * in the root directory of this software component.
  15:Core/Src/usart.c ****   * If no LICENSE file comes with this software, it is provided AS-IS.
  16:Core/Src/usart.c ****   *
  17:Core/Src/usart.c ****   ******************************************************************************
  18:Core/Src/usart.c ****   */
  19:Core/Src/usart.c **** /* USER CODE END Header */
  20:Core/Src/usart.c **** /* Includes ------------------------------------------------------------------*/
  21:Core/Src/usart.c **** #include "usart.h"
  22:Core/Src/usart.c **** 
  23:Core/Src/usart.c **** /* USER CODE BEGIN 0 */
  24:Core/Src/usart.c **** 
  25:Core/Src/usart.c **** /* USER CODE END 0 */
  26:Core/Src/usart.c **** 
  27:Core/Src/usart.c **** UART_HandleTypeDef huart1;
  28:Core/Src/usart.c **** UART_HandleTypeDef huart3;
  29:Core/Src/usart.c **** 
  30:Core/Src/usart.c **** /* USART1 init function */
  31:Core/Src/usart.c **** 
  32:Core/Src/usart.c **** void MX_USART1_UART_Init(void)
ARM GAS  C:\Users\Admin\AppData\Local\Temp\ccjkpdat.s 			page 2


  33:Core/Src/usart.c **** {
  27              		.loc 1 33 1 view -0
  28              		.cfi_startproc
  29              		@ args = 0, pretend = 0, frame = 0
  30              		@ frame_needed = 0, uses_anonymous_args = 0
  31 0000 08B5     		push	{r3, lr}
  32              	.LCFI0:
  33              		.cfi_def_cfa_offset 8
  34              		.cfi_offset 3, -8
  35              		.cfi_offset 14, -4
  34:Core/Src/usart.c **** 
  35:Core/Src/usart.c ****   /* USER CODE BEGIN USART1_Init 0 */
  36:Core/Src/usart.c **** 
  37:Core/Src/usart.c ****   /* USER CODE END USART1_Init 0 */
  38:Core/Src/usart.c **** 
  39:Core/Src/usart.c ****   /* USER CODE BEGIN USART1_Init 1 */
  40:Core/Src/usart.c **** 
  41:Core/Src/usart.c ****   /* USER CODE END USART1_Init 1 */
  42:Core/Src/usart.c ****   huart1.Instance = USART1;
  36              		.loc 1 42 3 view .LVU1
  37              		.loc 1 42 19 is_stmt 0 view .LVU2
  38 0002 0A48     		ldr	r0, .L5
  39 0004 0A4B     		ldr	r3, .L5+4
  40 0006 0360     		str	r3, [r0]
  43:Core/Src/usart.c ****   huart1.Init.BaudRate = 115200;
  41              		.loc 1 43 3 is_stmt 1 view .LVU3
  42              		.loc 1 43 24 is_stmt 0 view .LVU4
  43 0008 4FF4E133 		mov	r3, #115200
  44 000c 4360     		str	r3, [r0, #4]
  44:Core/Src/usart.c ****   huart1.Init.WordLength = UART_WORDLENGTH_8B;
  45              		.loc 1 44 3 is_stmt 1 view .LVU5
  46              		.loc 1 44 26 is_stmt 0 view .LVU6
  47 000e 0023     		movs	r3, #0
  48 0010 8360     		str	r3, [r0, #8]
  45:Core/Src/usart.c ****   huart1.Init.StopBits = UART_STOPBITS_1;
  49              		.loc 1 45 3 is_stmt 1 view .LVU7
  50              		.loc 1 45 24 is_stmt 0 view .LVU8
  51 0012 C360     		str	r3, [r0, #12]
  46:Core/Src/usart.c ****   huart1.Init.Parity = UART_PARITY_NONE;
  52              		.loc 1 46 3 is_stmt 1 view .LVU9
  53              		.loc 1 46 22 is_stmt 0 view .LVU10
  54 0014 0361     		str	r3, [r0, #16]
  47:Core/Src/usart.c ****   huart1.Init.Mode = UART_MODE_TX_RX;
  55              		.loc 1 47 3 is_stmt 1 view .LVU11
  56              		.loc 1 47 20 is_stmt 0 view .LVU12
  57 0016 0C22     		movs	r2, #12
  58 0018 4261     		str	r2, [r0, #20]
  48:Core/Src/usart.c ****   huart1.Init.HwFlowCtl = UART_HWCONTROL_NONE;
  59              		.loc 1 48 3 is_stmt 1 view .LVU13
  60              		.loc 1 48 25 is_stmt 0 view .LVU14
  61 001a 8361     		str	r3, [r0, #24]
  49:Core/Src/usart.c ****   huart1.Init.OverSampling = UART_OVERSAMPLING_16;
  62              		.loc 1 49 3 is_stmt 1 view .LVU15
  63              		.loc 1 49 28 is_stmt 0 view .LVU16
  64 001c C361     		str	r3, [r0, #28]
  50:Core/Src/usart.c ****   if (HAL_UART_Init(&huart1) != HAL_OK)
  65              		.loc 1 50 3 is_stmt 1 view .LVU17
ARM GAS  C:\Users\Admin\AppData\Local\Temp\ccjkpdat.s 			page 3


  66              		.loc 1 50 7 is_stmt 0 view .LVU18
  67 001e FFF7FEFF 		bl	HAL_UART_Init
  68              	.LVL0:
  69              		.loc 1 50 6 view .LVU19
  70 0022 00B9     		cbnz	r0, .L4
  71              	.L1:
  51:Core/Src/usart.c ****   {
  52:Core/Src/usart.c ****     Error_Handler();
  53:Core/Src/usart.c ****   }
  54:Core/Src/usart.c ****   /* USER CODE BEGIN USART1_Init 2 */
  55:Core/Src/usart.c **** 
  56:Core/Src/usart.c ****   /* USER CODE END USART1_Init 2 */
  57:Core/Src/usart.c **** 
  58:Core/Src/usart.c **** }
  72              		.loc 1 58 1 view .LVU20
  73 0024 08BD     		pop	{r3, pc}
  74              	.L4:
  52:Core/Src/usart.c ****   }
  75              		.loc 1 52 5 is_stmt 1 view .LVU21
  76 0026 FFF7FEFF 		bl	Error_Handler
  77              	.LVL1:
  78              		.loc 1 58 1 is_stmt 0 view .LVU22
  79 002a FBE7     		b	.L1
  80              	.L6:
  81              		.align	2
  82              	.L5:
  83 002c 00000000 		.word	.LANCHOR0
  84 0030 00380140 		.word	1073821696
  85              		.cfi_endproc
  86              	.LFE65:
  88              		.section	.text.MX_USART3_UART_Init,"ax",%progbits
  89              		.align	1
  90              		.global	MX_USART3_UART_Init
  91              		.syntax unified
  92              		.thumb
  93              		.thumb_func
  95              	MX_USART3_UART_Init:
  96              	.LFB66:
  59:Core/Src/usart.c **** /* USART3 init function */
  60:Core/Src/usart.c **** 
  61:Core/Src/usart.c **** void MX_USART3_UART_Init(void)
  62:Core/Src/usart.c **** {
  97              		.loc 1 62 1 is_stmt 1 view -0
  98              		.cfi_startproc
  99              		@ args = 0, pretend = 0, frame = 0
 100              		@ frame_needed = 0, uses_anonymous_args = 0
 101 0000 08B5     		push	{r3, lr}
 102              	.LCFI1:
 103              		.cfi_def_cfa_offset 8
 104              		.cfi_offset 3, -8
 105              		.cfi_offset 14, -4
  63:Core/Src/usart.c **** 
  64:Core/Src/usart.c ****   /* USER CODE BEGIN USART3_Init 0 */
  65:Core/Src/usart.c **** 
  66:Core/Src/usart.c ****   /* USER CODE END USART3_Init 0 */
  67:Core/Src/usart.c **** 
  68:Core/Src/usart.c ****   /* USER CODE BEGIN USART3_Init 1 */
ARM GAS  C:\Users\Admin\AppData\Local\Temp\ccjkpdat.s 			page 4


  69:Core/Src/usart.c **** 
  70:Core/Src/usart.c ****   /* USER CODE END USART3_Init 1 */
  71:Core/Src/usart.c ****   huart3.Instance = USART3;
 106              		.loc 1 71 3 view .LVU24
 107              		.loc 1 71 19 is_stmt 0 view .LVU25
 108 0002 0A48     		ldr	r0, .L11
 109 0004 0A4B     		ldr	r3, .L11+4
 110 0006 0360     		str	r3, [r0]
  72:Core/Src/usart.c ****   huart3.Init.BaudRate = 115200;
 111              		.loc 1 72 3 is_stmt 1 view .LVU26
 112              		.loc 1 72 24 is_stmt 0 view .LVU27
 113 0008 4FF4E133 		mov	r3, #115200
 114 000c 4360     		str	r3, [r0, #4]
  73:Core/Src/usart.c ****   huart3.Init.WordLength = UART_WORDLENGTH_8B;
 115              		.loc 1 73 3 is_stmt 1 view .LVU28
 116              		.loc 1 73 26 is_stmt 0 view .LVU29
 117 000e 0023     		movs	r3, #0
 118 0010 8360     		str	r3, [r0, #8]
  74:Core/Src/usart.c ****   huart3.Init.StopBits = UART_STOPBITS_1;
 119              		.loc 1 74 3 is_stmt 1 view .LVU30
 120              		.loc 1 74 24 is_stmt 0 view .LVU31
 121 0012 C360     		str	r3, [r0, #12]
  75:Core/Src/usart.c ****   huart3.Init.Parity = UART_PARITY_NONE;
 122              		.loc 1 75 3 is_stmt 1 view .LVU32
 123              		.loc 1 75 22 is_stmt 0 view .LVU33
 124 0014 0361     		str	r3, [r0, #16]
  76:Core/Src/usart.c ****   huart3.Init.Mode = UART_MODE_TX_RX;
 125              		.loc 1 76 3 is_stmt 1 view .LVU34
 126              		.loc 1 76 20 is_stmt 0 view .LVU35
 127 0016 0C22     		movs	r2, #12
 128 0018 4261     		str	r2, [r0, #20]
  77:Core/Src/usart.c ****   huart3.Init.HwFlowCtl = UART_HWCONTROL_NONE;
 129              		.loc 1 77 3 is_stmt 1 view .LVU36
 130              		.loc 1 77 25 is_stmt 0 view .LVU37
 131 001a 8361     		str	r3, [r0, #24]
  78:Core/Src/usart.c ****   huart3.Init.OverSampling = UART_OVERSAMPLING_16;
 132              		.loc 1 78 3 is_stmt 1 view .LVU38
 133              		.loc 1 78 28 is_stmt 0 view .LVU39
 134 001c C361     		str	r3, [r0, #28]
  79:Core/Src/usart.c ****   if (HAL_UART_Init(&huart3) != HAL_OK)
 135              		.loc 1 79 3 is_stmt 1 view .LVU40
 136              		.loc 1 79 7 is_stmt 0 view .LVU41
 137 001e FFF7FEFF 		bl	HAL_UART_Init
 138              	.LVL2:
 139              		.loc 1 79 6 view .LVU42
 140 0022 00B9     		cbnz	r0, .L10
 141              	.L7:
  80:Core/Src/usart.c ****   {
  81:Core/Src/usart.c ****     Error_Handler();
  82:Core/Src/usart.c ****   }
  83:Core/Src/usart.c ****   /* USER CODE BEGIN USART3_Init 2 */
  84:Core/Src/usart.c **** 
  85:Core/Src/usart.c ****   /* USER CODE END USART3_Init 2 */
  86:Core/Src/usart.c **** 
  87:Core/Src/usart.c **** }
 142              		.loc 1 87 1 view .LVU43
 143 0024 08BD     		pop	{r3, pc}
ARM GAS  C:\Users\Admin\AppData\Local\Temp\ccjkpdat.s 			page 5


 144              	.L10:
  81:Core/Src/usart.c ****   }
 145              		.loc 1 81 5 is_stmt 1 view .LVU44
 146 0026 FFF7FEFF 		bl	Error_Handler
 147              	.LVL3:
 148              		.loc 1 87 1 is_stmt 0 view .LVU45
 149 002a FBE7     		b	.L7
 150              	.L12:
 151              		.align	2
 152              	.L11:
 153 002c 00000000 		.word	.LANCHOR1
 154 0030 00480040 		.word	1073760256
 155              		.cfi_endproc
 156              	.LFE66:
 158              		.section	.text.HAL_UART_MspInit,"ax",%progbits
 159              		.align	1
 160              		.global	HAL_UART_MspInit
 161              		.syntax unified
 162              		.thumb
 163              		.thumb_func
 165              	HAL_UART_MspInit:
 166              	.LVL4:
 167              	.LFB67:
  88:Core/Src/usart.c **** 
  89:Core/Src/usart.c **** void HAL_UART_MspInit(UART_HandleTypeDef* uartHandle)
  90:Core/Src/usart.c **** {
 168              		.loc 1 90 1 is_stmt 1 view -0
 169              		.cfi_startproc
 170              		@ args = 0, pretend = 0, frame = 32
 171              		@ frame_needed = 0, uses_anonymous_args = 0
 172              		.loc 1 90 1 is_stmt 0 view .LVU47
 173 0000 30B5     		push	{r4, r5, lr}
 174              	.LCFI2:
 175              		.cfi_def_cfa_offset 12
 176              		.cfi_offset 4, -12
 177              		.cfi_offset 5, -8
 178              		.cfi_offset 14, -4
 179 0002 89B0     		sub	sp, sp, #36
 180              	.LCFI3:
 181              		.cfi_def_cfa_offset 48
  91:Core/Src/usart.c **** 
  92:Core/Src/usart.c ****   GPIO_InitTypeDef GPIO_InitStruct = {0};
 182              		.loc 1 92 3 is_stmt 1 view .LVU48
 183              		.loc 1 92 20 is_stmt 0 view .LVU49
 184 0004 0023     		movs	r3, #0
 185 0006 0493     		str	r3, [sp, #16]
 186 0008 0593     		str	r3, [sp, #20]
 187 000a 0693     		str	r3, [sp, #24]
 188 000c 0793     		str	r3, [sp, #28]
  93:Core/Src/usart.c ****   if(uartHandle->Instance==USART1)
 189              		.loc 1 93 3 is_stmt 1 view .LVU50
 190              		.loc 1 93 16 is_stmt 0 view .LVU51
 191 000e 0368     		ldr	r3, [r0]
 192              		.loc 1 93 5 view .LVU52
 193 0010 354A     		ldr	r2, .L19
 194 0012 9342     		cmp	r3, r2
 195 0014 04D0     		beq	.L17
ARM GAS  C:\Users\Admin\AppData\Local\Temp\ccjkpdat.s 			page 6


  94:Core/Src/usart.c ****   {
  95:Core/Src/usart.c ****   /* USER CODE BEGIN USART1_MspInit 0 */
  96:Core/Src/usart.c **** 
  97:Core/Src/usart.c ****   /* USER CODE END USART1_MspInit 0 */
  98:Core/Src/usart.c ****     /* USART1 clock enable */
  99:Core/Src/usart.c ****     __HAL_RCC_USART1_CLK_ENABLE();
 100:Core/Src/usart.c **** 
 101:Core/Src/usart.c ****     __HAL_RCC_GPIOA_CLK_ENABLE();
 102:Core/Src/usart.c ****     /**USART1 GPIO Configuration
 103:Core/Src/usart.c ****     PA9     ------> USART1_TX
 104:Core/Src/usart.c ****     PA10     ------> USART1_RX
 105:Core/Src/usart.c ****     */
 106:Core/Src/usart.c ****     GPIO_InitStruct.Pin = GPIO_PIN_9;
 107:Core/Src/usart.c ****     GPIO_InitStruct.Mode = GPIO_MODE_AF_PP;
 108:Core/Src/usart.c ****     GPIO_InitStruct.Speed = GPIO_SPEED_FREQ_HIGH;
 109:Core/Src/usart.c ****     HAL_GPIO_Init(GPIOA, &GPIO_InitStruct);
 110:Core/Src/usart.c **** 
 111:Core/Src/usart.c ****     GPIO_InitStruct.Pin = GPIO_PIN_10;
 112:Core/Src/usart.c ****     GPIO_InitStruct.Mode = GPIO_MODE_INPUT;
 113:Core/Src/usart.c ****     GPIO_InitStruct.Pull = GPIO_NOPULL;
 114:Core/Src/usart.c ****     HAL_GPIO_Init(GPIOA, &GPIO_InitStruct);
 115:Core/Src/usart.c **** 
 116:Core/Src/usart.c ****     /* USART1 interrupt Init */
 117:Core/Src/usart.c ****     HAL_NVIC_SetPriority(USART1_IRQn, 0, 0);
 118:Core/Src/usart.c ****     HAL_NVIC_EnableIRQ(USART1_IRQn);
 119:Core/Src/usart.c ****   /* USER CODE BEGIN USART1_MspInit 1 */
 120:Core/Src/usart.c **** 
 121:Core/Src/usart.c ****   /* USER CODE END USART1_MspInit 1 */
 122:Core/Src/usart.c ****   }
 123:Core/Src/usart.c ****   else if(uartHandle->Instance==USART3)
 196              		.loc 1 123 8 is_stmt 1 view .LVU53
 197              		.loc 1 123 10 is_stmt 0 view .LVU54
 198 0016 354A     		ldr	r2, .L19+4
 199 0018 9342     		cmp	r3, r2
 200 001a 33D0     		beq	.L18
 201              	.LVL5:
 202              	.L13:
 124:Core/Src/usart.c ****   {
 125:Core/Src/usart.c ****   /* USER CODE BEGIN USART3_MspInit 0 */
 126:Core/Src/usart.c **** 
 127:Core/Src/usart.c ****   /* USER CODE END USART3_MspInit 0 */
 128:Core/Src/usart.c ****     /* USART3 clock enable */
 129:Core/Src/usart.c ****     __HAL_RCC_USART3_CLK_ENABLE();
 130:Core/Src/usart.c **** 
 131:Core/Src/usart.c ****     __HAL_RCC_GPIOB_CLK_ENABLE();
 132:Core/Src/usart.c ****     /**USART3 GPIO Configuration
 133:Core/Src/usart.c ****     PB10     ------> USART3_TX
 134:Core/Src/usart.c ****     PB11     ------> USART3_RX
 135:Core/Src/usart.c ****     */
 136:Core/Src/usart.c ****     GPIO_InitStruct.Pin = GPIO_PIN_10;
 137:Core/Src/usart.c ****     GPIO_InitStruct.Mode = GPIO_MODE_AF_PP;
 138:Core/Src/usart.c ****     GPIO_InitStruct.Speed = GPIO_SPEED_FREQ_HIGH;
 139:Core/Src/usart.c ****     HAL_GPIO_Init(GPIOB, &GPIO_InitStruct);
 140:Core/Src/usart.c **** 
 141:Core/Src/usart.c ****     GPIO_InitStruct.Pin = GPIO_PIN_11;
 142:Core/Src/usart.c ****     GPIO_InitStruct.Mode = GPIO_MODE_INPUT;
 143:Core/Src/usart.c ****     GPIO_InitStruct.Pull = GPIO_NOPULL;
ARM GAS  C:\Users\Admin\AppData\Local\Temp\ccjkpdat.s 			page 7


 144:Core/Src/usart.c ****     HAL_GPIO_Init(GPIOB, &GPIO_InitStruct);
 145:Core/Src/usart.c **** 
 146:Core/Src/usart.c ****     /* USART3 interrupt Init */
 147:Core/Src/usart.c ****     HAL_NVIC_SetPriority(USART3_IRQn, 0, 0);
 148:Core/Src/usart.c ****     HAL_NVIC_EnableIRQ(USART3_IRQn);
 149:Core/Src/usart.c ****   /* USER CODE BEGIN USART3_MspInit 1 */
 150:Core/Src/usart.c **** 
 151:Core/Src/usart.c ****   /* USER CODE END USART3_MspInit 1 */
 152:Core/Src/usart.c ****   }
 153:Core/Src/usart.c **** }
 203              		.loc 1 153 1 view .LVU55
 204 001c 09B0     		add	sp, sp, #36
 205              	.LCFI4:
 206              		.cfi_remember_state
 207              		.cfi_def_cfa_offset 12
 208              		@ sp needed
 209 001e 30BD     		pop	{r4, r5, pc}
 210              	.LVL6:
 211              	.L17:
 212              	.LCFI5:
 213              		.cfi_restore_state
  99:Core/Src/usart.c **** 
 214              		.loc 1 99 5 is_stmt 1 view .LVU56
 215              	.LBB2:
  99:Core/Src/usart.c **** 
 216              		.loc 1 99 5 view .LVU57
  99:Core/Src/usart.c **** 
 217              		.loc 1 99 5 view .LVU58
 218 0020 334B     		ldr	r3, .L19+8
 219 0022 9A69     		ldr	r2, [r3, #24]
 220 0024 42F48042 		orr	r2, r2, #16384
 221 0028 9A61     		str	r2, [r3, #24]
  99:Core/Src/usart.c **** 
 222              		.loc 1 99 5 view .LVU59
 223 002a 9A69     		ldr	r2, [r3, #24]
 224 002c 02F48042 		and	r2, r2, #16384
 225 0030 0092     		str	r2, [sp]
  99:Core/Src/usart.c **** 
 226              		.loc 1 99 5 view .LVU60
 227 0032 009A     		ldr	r2, [sp]
 228              	.LBE2:
  99:Core/Src/usart.c **** 
 229              		.loc 1 99 5 view .LVU61
 101:Core/Src/usart.c ****     /**USART1 GPIO Configuration
 230              		.loc 1 101 5 view .LVU62
 231              	.LBB3:
 101:Core/Src/usart.c ****     /**USART1 GPIO Configuration
 232              		.loc 1 101 5 view .LVU63
 101:Core/Src/usart.c ****     /**USART1 GPIO Configuration
 233              		.loc 1 101 5 view .LVU64
 234 0034 9A69     		ldr	r2, [r3, #24]
 235 0036 42F00402 		orr	r2, r2, #4
 236 003a 9A61     		str	r2, [r3, #24]
 101:Core/Src/usart.c ****     /**USART1 GPIO Configuration
 237              		.loc 1 101 5 view .LVU65
 238 003c 9B69     		ldr	r3, [r3, #24]
 239 003e 03F00403 		and	r3, r3, #4
ARM GAS  C:\Users\Admin\AppData\Local\Temp\ccjkpdat.s 			page 8


 240 0042 0193     		str	r3, [sp, #4]
 101:Core/Src/usart.c ****     /**USART1 GPIO Configuration
 241              		.loc 1 101 5 view .LVU66
 242 0044 019B     		ldr	r3, [sp, #4]
 243              	.LBE3:
 101:Core/Src/usart.c ****     /**USART1 GPIO Configuration
 244              		.loc 1 101 5 view .LVU67
 106:Core/Src/usart.c ****     GPIO_InitStruct.Mode = GPIO_MODE_AF_PP;
 245              		.loc 1 106 5 view .LVU68
 106:Core/Src/usart.c ****     GPIO_InitStruct.Mode = GPIO_MODE_AF_PP;
 246              		.loc 1 106 25 is_stmt 0 view .LVU69
 247 0046 4FF40073 		mov	r3, #512
 248 004a 0493     		str	r3, [sp, #16]
 107:Core/Src/usart.c ****     GPIO_InitStruct.Speed = GPIO_SPEED_FREQ_HIGH;
 249              		.loc 1 107 5 is_stmt 1 view .LVU70
 107:Core/Src/usart.c ****     GPIO_InitStruct.Speed = GPIO_SPEED_FREQ_HIGH;
 250              		.loc 1 107 26 is_stmt 0 view .LVU71
 251 004c 0223     		movs	r3, #2
 252 004e 0593     		str	r3, [sp, #20]
 108:Core/Src/usart.c ****     HAL_GPIO_Init(GPIOA, &GPIO_InitStruct);
 253              		.loc 1 108 5 is_stmt 1 view .LVU72
 108:Core/Src/usart.c ****     HAL_GPIO_Init(GPIOA, &GPIO_InitStruct);
 254              		.loc 1 108 27 is_stmt 0 view .LVU73
 255 0050 0323     		movs	r3, #3
 256 0052 0793     		str	r3, [sp, #28]
 109:Core/Src/usart.c **** 
 257              		.loc 1 109 5 is_stmt 1 view .LVU74
 258 0054 274D     		ldr	r5, .L19+12
 259 0056 04A9     		add	r1, sp, #16
 260 0058 2846     		mov	r0, r5
 261              	.LVL7:
 109:Core/Src/usart.c **** 
 262              		.loc 1 109 5 is_stmt 0 view .LVU75
 263 005a FFF7FEFF 		bl	HAL_GPIO_Init
 264              	.LVL8:
 111:Core/Src/usart.c ****     GPIO_InitStruct.Mode = GPIO_MODE_INPUT;
 265              		.loc 1 111 5 is_stmt 1 view .LVU76
 111:Core/Src/usart.c ****     GPIO_InitStruct.Mode = GPIO_MODE_INPUT;
 266              		.loc 1 111 25 is_stmt 0 view .LVU77
 267 005e 4FF48063 		mov	r3, #1024
 268 0062 0493     		str	r3, [sp, #16]
 112:Core/Src/usart.c ****     GPIO_InitStruct.Pull = GPIO_NOPULL;
 269              		.loc 1 112 5 is_stmt 1 view .LVU78
 112:Core/Src/usart.c ****     GPIO_InitStruct.Pull = GPIO_NOPULL;
 270              		.loc 1 112 26 is_stmt 0 view .LVU79
 271 0064 0024     		movs	r4, #0
 272 0066 0594     		str	r4, [sp, #20]
 113:Core/Src/usart.c ****     HAL_GPIO_Init(GPIOA, &GPIO_InitStruct);
 273              		.loc 1 113 5 is_stmt 1 view .LVU80
 113:Core/Src/usart.c ****     HAL_GPIO_Init(GPIOA, &GPIO_InitStruct);
 274              		.loc 1 113 26 is_stmt 0 view .LVU81
 275 0068 0694     		str	r4, [sp, #24]
 114:Core/Src/usart.c **** 
 276              		.loc 1 114 5 is_stmt 1 view .LVU82
 277 006a 04A9     		add	r1, sp, #16
 278 006c 2846     		mov	r0, r5
 279 006e FFF7FEFF 		bl	HAL_GPIO_Init
ARM GAS  C:\Users\Admin\AppData\Local\Temp\ccjkpdat.s 			page 9


 280              	.LVL9:
 117:Core/Src/usart.c ****     HAL_NVIC_EnableIRQ(USART1_IRQn);
 281              		.loc 1 117 5 view .LVU83
 282 0072 2246     		mov	r2, r4
 283 0074 2146     		mov	r1, r4
 284 0076 2520     		movs	r0, #37
 285 0078 FFF7FEFF 		bl	HAL_NVIC_SetPriority
 286              	.LVL10:
 118:Core/Src/usart.c ****   /* USER CODE BEGIN USART1_MspInit 1 */
 287              		.loc 1 118 5 view .LVU84
 288 007c 2520     		movs	r0, #37
 289 007e FFF7FEFF 		bl	HAL_NVIC_EnableIRQ
 290              	.LVL11:
 291 0082 CBE7     		b	.L13
 292              	.LVL12:
 293              	.L18:
 129:Core/Src/usart.c **** 
 294              		.loc 1 129 5 view .LVU85
 295              	.LBB4:
 129:Core/Src/usart.c **** 
 296              		.loc 1 129 5 view .LVU86
 129:Core/Src/usart.c **** 
 297              		.loc 1 129 5 view .LVU87
 298 0084 1A4B     		ldr	r3, .L19+8
 299 0086 DA69     		ldr	r2, [r3, #28]
 300 0088 42F48022 		orr	r2, r2, #262144
 301 008c DA61     		str	r2, [r3, #28]
 129:Core/Src/usart.c **** 
 302              		.loc 1 129 5 view .LVU88
 303 008e DA69     		ldr	r2, [r3, #28]
 304 0090 02F48022 		and	r2, r2, #262144
 305 0094 0292     		str	r2, [sp, #8]
 129:Core/Src/usart.c **** 
 306              		.loc 1 129 5 view .LVU89
 307 0096 029A     		ldr	r2, [sp, #8]
 308              	.LBE4:
 129:Core/Src/usart.c **** 
 309              		.loc 1 129 5 view .LVU90
 131:Core/Src/usart.c ****     /**USART3 GPIO Configuration
 310              		.loc 1 131 5 view .LVU91
 311              	.LBB5:
 131:Core/Src/usart.c ****     /**USART3 GPIO Configuration
 312              		.loc 1 131 5 view .LVU92
 131:Core/Src/usart.c ****     /**USART3 GPIO Configuration
 313              		.loc 1 131 5 view .LVU93
 314 0098 9A69     		ldr	r2, [r3, #24]
 315 009a 42F00802 		orr	r2, r2, #8
 316 009e 9A61     		str	r2, [r3, #24]
 131:Core/Src/usart.c ****     /**USART3 GPIO Configuration
 317              		.loc 1 131 5 view .LVU94
 318 00a0 9B69     		ldr	r3, [r3, #24]
 319 00a2 03F00803 		and	r3, r3, #8
 320 00a6 0393     		str	r3, [sp, #12]
 131:Core/Src/usart.c ****     /**USART3 GPIO Configuration
 321              		.loc 1 131 5 view .LVU95
 322 00a8 039B     		ldr	r3, [sp, #12]
 323              	.LBE5:
ARM GAS  C:\Users\Admin\AppData\Local\Temp\ccjkpdat.s 			page 10


 131:Core/Src/usart.c ****     /**USART3 GPIO Configuration
 324              		.loc 1 131 5 view .LVU96
 136:Core/Src/usart.c ****     GPIO_InitStruct.Mode = GPIO_MODE_AF_PP;
 325              		.loc 1 136 5 view .LVU97
 136:Core/Src/usart.c ****     GPIO_InitStruct.Mode = GPIO_MODE_AF_PP;
 326              		.loc 1 136 25 is_stmt 0 view .LVU98
 327 00aa 4FF48063 		mov	r3, #1024
 328 00ae 0493     		str	r3, [sp, #16]
 137:Core/Src/usart.c ****     GPIO_InitStruct.Speed = GPIO_SPEED_FREQ_HIGH;
 329              		.loc 1 137 5 is_stmt 1 view .LVU99
 137:Core/Src/usart.c ****     GPIO_InitStruct.Speed = GPIO_SPEED_FREQ_HIGH;
 330              		.loc 1 137 26 is_stmt 0 view .LVU100
 331 00b0 0223     		movs	r3, #2
 332 00b2 0593     		str	r3, [sp, #20]
 138:Core/Src/usart.c ****     HAL_GPIO_Init(GPIOB, &GPIO_InitStruct);
 333              		.loc 1 138 5 is_stmt 1 view .LVU101
 138:Core/Src/usart.c ****     HAL_GPIO_Init(GPIOB, &GPIO_InitStruct);
 334              		.loc 1 138 27 is_stmt 0 view .LVU102
 335 00b4 0323     		movs	r3, #3
 336 00b6 0793     		str	r3, [sp, #28]
 139:Core/Src/usart.c **** 
 337              		.loc 1 139 5 is_stmt 1 view .LVU103
 338 00b8 0F4D     		ldr	r5, .L19+16
 339 00ba 04A9     		add	r1, sp, #16
 340 00bc 2846     		mov	r0, r5
 341              	.LVL13:
 139:Core/Src/usart.c **** 
 342              		.loc 1 139 5 is_stmt 0 view .LVU104
 343 00be FFF7FEFF 		bl	HAL_GPIO_Init
 344              	.LVL14:
 141:Core/Src/usart.c ****     GPIO_InitStruct.Mode = GPIO_MODE_INPUT;
 345              		.loc 1 141 5 is_stmt 1 view .LVU105
 141:Core/Src/usart.c ****     GPIO_InitStruct.Mode = GPIO_MODE_INPUT;
 346              		.loc 1 141 25 is_stmt 0 view .LVU106
 347 00c2 4FF40063 		mov	r3, #2048
 348 00c6 0493     		str	r3, [sp, #16]
 142:Core/Src/usart.c ****     GPIO_InitStruct.Pull = GPIO_NOPULL;
 349              		.loc 1 142 5 is_stmt 1 view .LVU107
 142:Core/Src/usart.c ****     GPIO_InitStruct.Pull = GPIO_NOPULL;
 350              		.loc 1 142 26 is_stmt 0 view .LVU108
 351 00c8 0024     		movs	r4, #0
 352 00ca 0594     		str	r4, [sp, #20]
 143:Core/Src/usart.c ****     HAL_GPIO_Init(GPIOB, &GPIO_InitStruct);
 353              		.loc 1 143 5 is_stmt 1 view .LVU109
 143:Core/Src/usart.c ****     HAL_GPIO_Init(GPIOB, &GPIO_InitStruct);
 354              		.loc 1 143 26 is_stmt 0 view .LVU110
 355 00cc 0694     		str	r4, [sp, #24]
 144:Core/Src/usart.c **** 
 356              		.loc 1 144 5 is_stmt 1 view .LVU111
 357 00ce 04A9     		add	r1, sp, #16
 358 00d0 2846     		mov	r0, r5
 359 00d2 FFF7FEFF 		bl	HAL_GPIO_Init
 360              	.LVL15:
 147:Core/Src/usart.c ****     HAL_NVIC_EnableIRQ(USART3_IRQn);
 361              		.loc 1 147 5 view .LVU112
 362 00d6 2246     		mov	r2, r4
 363 00d8 2146     		mov	r1, r4
ARM GAS  C:\Users\Admin\AppData\Local\Temp\ccjkpdat.s 			page 11


 364 00da 2720     		movs	r0, #39
 365 00dc FFF7FEFF 		bl	HAL_NVIC_SetPriority
 366              	.LVL16:
 148:Core/Src/usart.c ****   /* USER CODE BEGIN USART3_MspInit 1 */
 367              		.loc 1 148 5 view .LVU113
 368 00e0 2720     		movs	r0, #39
 369 00e2 FFF7FEFF 		bl	HAL_NVIC_EnableIRQ
 370              	.LVL17:
 371              		.loc 1 153 1 is_stmt 0 view .LVU114
 372 00e6 99E7     		b	.L13
 373              	.L20:
 374              		.align	2
 375              	.L19:
 376 00e8 00380140 		.word	1073821696
 377 00ec 00480040 		.word	1073760256
 378 00f0 00100240 		.word	1073876992
 379 00f4 00080140 		.word	1073809408
 380 00f8 000C0140 		.word	1073810432
 381              		.cfi_endproc
 382              	.LFE67:
 384              		.section	.text.HAL_UART_MspDeInit,"ax",%progbits
 385              		.align	1
 386              		.global	HAL_UART_MspDeInit
 387              		.syntax unified
 388              		.thumb
 389              		.thumb_func
 391              	HAL_UART_MspDeInit:
 392              	.LVL18:
 393              	.LFB68:
 154:Core/Src/usart.c **** 
 155:Core/Src/usart.c **** void HAL_UART_MspDeInit(UART_HandleTypeDef* uartHandle)
 156:Core/Src/usart.c **** {
 394              		.loc 1 156 1 is_stmt 1 view -0
 395              		.cfi_startproc
 396              		@ args = 0, pretend = 0, frame = 0
 397              		@ frame_needed = 0, uses_anonymous_args = 0
 398              		.loc 1 156 1 is_stmt 0 view .LVU116
 399 0000 08B5     		push	{r3, lr}
 400              	.LCFI6:
 401              		.cfi_def_cfa_offset 8
 402              		.cfi_offset 3, -8
 403              		.cfi_offset 14, -4
 157:Core/Src/usart.c **** 
 158:Core/Src/usart.c ****   if(uartHandle->Instance==USART1)
 404              		.loc 1 158 3 is_stmt 1 view .LVU117
 405              		.loc 1 158 16 is_stmt 0 view .LVU118
 406 0002 0368     		ldr	r3, [r0]
 407              		.loc 1 158 5 view .LVU119
 408 0004 124A     		ldr	r2, .L27
 409 0006 9342     		cmp	r3, r2
 410 0008 03D0     		beq	.L25
 159:Core/Src/usart.c ****   {
 160:Core/Src/usart.c ****   /* USER CODE BEGIN USART1_MspDeInit 0 */
 161:Core/Src/usart.c **** 
 162:Core/Src/usart.c ****   /* USER CODE END USART1_MspDeInit 0 */
 163:Core/Src/usart.c ****     /* Peripheral clock disable */
 164:Core/Src/usart.c ****     __HAL_RCC_USART1_CLK_DISABLE();
ARM GAS  C:\Users\Admin\AppData\Local\Temp\ccjkpdat.s 			page 12


 165:Core/Src/usart.c **** 
 166:Core/Src/usart.c ****     /**USART1 GPIO Configuration
 167:Core/Src/usart.c ****     PA9     ------> USART1_TX
 168:Core/Src/usart.c ****     PA10     ------> USART1_RX
 169:Core/Src/usart.c ****     */
 170:Core/Src/usart.c ****     HAL_GPIO_DeInit(GPIOA, GPIO_PIN_9|GPIO_PIN_10);
 171:Core/Src/usart.c **** 
 172:Core/Src/usart.c ****     /* USART1 interrupt Deinit */
 173:Core/Src/usart.c ****     HAL_NVIC_DisableIRQ(USART1_IRQn);
 174:Core/Src/usart.c ****   /* USER CODE BEGIN USART1_MspDeInit 1 */
 175:Core/Src/usart.c **** 
 176:Core/Src/usart.c ****   /* USER CODE END USART1_MspDeInit 1 */
 177:Core/Src/usart.c ****   }
 178:Core/Src/usart.c ****   else if(uartHandle->Instance==USART3)
 411              		.loc 1 178 8 is_stmt 1 view .LVU120
 412              		.loc 1 178 10 is_stmt 0 view .LVU121
 413 000a 124A     		ldr	r2, .L27+4
 414 000c 9342     		cmp	r3, r2
 415 000e 0FD0     		beq	.L26
 416              	.LVL19:
 417              	.L21:
 179:Core/Src/usart.c ****   {
 180:Core/Src/usart.c ****   /* USER CODE BEGIN USART3_MspDeInit 0 */
 181:Core/Src/usart.c **** 
 182:Core/Src/usart.c ****   /* USER CODE END USART3_MspDeInit 0 */
 183:Core/Src/usart.c ****     /* Peripheral clock disable */
 184:Core/Src/usart.c ****     __HAL_RCC_USART3_CLK_DISABLE();
 185:Core/Src/usart.c **** 
 186:Core/Src/usart.c ****     /**USART3 GPIO Configuration
 187:Core/Src/usart.c ****     PB10     ------> USART3_TX
 188:Core/Src/usart.c ****     PB11     ------> USART3_RX
 189:Core/Src/usart.c ****     */
 190:Core/Src/usart.c ****     HAL_GPIO_DeInit(GPIOB, GPIO_PIN_10|GPIO_PIN_11);
 191:Core/Src/usart.c **** 
 192:Core/Src/usart.c ****     /* USART3 interrupt Deinit */
 193:Core/Src/usart.c ****     HAL_NVIC_DisableIRQ(USART3_IRQn);
 194:Core/Src/usart.c ****   /* USER CODE BEGIN USART3_MspDeInit 1 */
 195:Core/Src/usart.c **** 
 196:Core/Src/usart.c ****   /* USER CODE END USART3_MspDeInit 1 */
 197:Core/Src/usart.c ****   }
 198:Core/Src/usart.c **** }
 418              		.loc 1 198 1 view .LVU122
 419 0010 08BD     		pop	{r3, pc}
 420              	.LVL20:
 421              	.L25:
 164:Core/Src/usart.c **** 
 422              		.loc 1 164 5 is_stmt 1 view .LVU123
 423 0012 02F55842 		add	r2, r2, #55296
 424 0016 9369     		ldr	r3, [r2, #24]
 425 0018 23F48043 		bic	r3, r3, #16384
 426 001c 9361     		str	r3, [r2, #24]
 170:Core/Src/usart.c **** 
 427              		.loc 1 170 5 view .LVU124
 428 001e 4FF4C061 		mov	r1, #1536
 429 0022 0D48     		ldr	r0, .L27+8
 430              	.LVL21:
 170:Core/Src/usart.c **** 
ARM GAS  C:\Users\Admin\AppData\Local\Temp\ccjkpdat.s 			page 13


 431              		.loc 1 170 5 is_stmt 0 view .LVU125
 432 0024 FFF7FEFF 		bl	HAL_GPIO_DeInit
 433              	.LVL22:
 173:Core/Src/usart.c ****   /* USER CODE BEGIN USART1_MspDeInit 1 */
 434              		.loc 1 173 5 is_stmt 1 view .LVU126
 435 0028 2520     		movs	r0, #37
 436 002a FFF7FEFF 		bl	HAL_NVIC_DisableIRQ
 437              	.LVL23:
 438 002e EFE7     		b	.L21
 439              	.LVL24:
 440              	.L26:
 184:Core/Src/usart.c **** 
 441              		.loc 1 184 5 view .LVU127
 442 0030 02F5E432 		add	r2, r2, #116736
 443 0034 D369     		ldr	r3, [r2, #28]
 444 0036 23F48023 		bic	r3, r3, #262144
 445 003a D361     		str	r3, [r2, #28]
 190:Core/Src/usart.c **** 
 446              		.loc 1 190 5 view .LVU128
 447 003c 4FF44061 		mov	r1, #3072
 448 0040 0648     		ldr	r0, .L27+12
 449              	.LVL25:
 190:Core/Src/usart.c **** 
 450              		.loc 1 190 5 is_stmt 0 view .LVU129
 451 0042 FFF7FEFF 		bl	HAL_GPIO_DeInit
 452              	.LVL26:
 193:Core/Src/usart.c ****   /* USER CODE BEGIN USART3_MspDeInit 1 */
 453              		.loc 1 193 5 is_stmt 1 view .LVU130
 454 0046 2720     		movs	r0, #39
 455 0048 FFF7FEFF 		bl	HAL_NVIC_DisableIRQ
 456              	.LVL27:
 457              		.loc 1 198 1 is_stmt 0 view .LVU131
 458 004c E0E7     		b	.L21
 459              	.L28:
 460 004e 00BF     		.align	2
 461              	.L27:
 462 0050 00380140 		.word	1073821696
 463 0054 00480040 		.word	1073760256
 464 0058 00080140 		.word	1073809408
 465 005c 000C0140 		.word	1073810432
 466              		.cfi_endproc
 467              	.LFE68:
 469              		.global	huart3
 470              		.global	huart1
 471              		.section	.bss.huart1,"aw",%nobits
 472              		.align	2
 473              		.set	.LANCHOR0,. + 0
 476              	huart1:
 477 0000 00000000 		.space	68
 477      00000000 
 477      00000000 
 477      00000000 
 477      00000000 
 478              		.section	.bss.huart3,"aw",%nobits
 479              		.align	2
 480              		.set	.LANCHOR1,. + 0
 483              	huart3:
ARM GAS  C:\Users\Admin\AppData\Local\Temp\ccjkpdat.s 			page 14


 484 0000 00000000 		.space	68
 484      00000000 
 484      00000000 
 484      00000000 
 484      00000000 
 485              		.text
 486              	.Letext0:
 487              		.file 2 "d:\\10 2021.10\\arm-none-eabi\\include\\machine\\_default_types.h"
 488              		.file 3 "d:\\10 2021.10\\arm-none-eabi\\include\\sys\\_stdint.h"
 489              		.file 4 "Drivers/CMSIS/Device/ST/STM32F1xx/Include/stm32f103xe.h"
 490              		.file 5 "Drivers/STM32F1xx_HAL_Driver/Inc/stm32f1xx_hal_def.h"
 491              		.file 6 "Drivers/STM32F1xx_HAL_Driver/Inc/stm32f1xx_hal_gpio.h"
 492              		.file 7 "Drivers/STM32F1xx_HAL_Driver/Inc/stm32f1xx_hal_dma.h"
 493              		.file 8 "Drivers/STM32F1xx_HAL_Driver/Inc/stm32f1xx_hal_uart.h"
 494              		.file 9 "Core/Inc/usart.h"
 495              		.file 10 "Drivers/STM32F1xx_HAL_Driver/Inc/stm32f1xx_hal_cortex.h"
 496              		.file 11 "Core/Inc/main.h"
ARM GAS  C:\Users\Admin\AppData\Local\Temp\ccjkpdat.s 			page 15


DEFINED SYMBOLS
                            *ABS*:00000000 usart.c
C:\Users\Admin\AppData\Local\Temp\ccjkpdat.s:18     .text.MX_USART1_UART_Init:00000000 $t
C:\Users\Admin\AppData\Local\Temp\ccjkpdat.s:24     .text.MX_USART1_UART_Init:00000000 MX_USART1_UART_Init
C:\Users\Admin\AppData\Local\Temp\ccjkpdat.s:83     .text.MX_USART1_UART_Init:0000002c $d
C:\Users\Admin\AppData\Local\Temp\ccjkpdat.s:89     .text.MX_USART3_UART_Init:00000000 $t
C:\Users\Admin\AppData\Local\Temp\ccjkpdat.s:95     .text.MX_USART3_UART_Init:00000000 MX_USART3_UART_Init
C:\Users\Admin\AppData\Local\Temp\ccjkpdat.s:153    .text.MX_USART3_UART_Init:0000002c $d
C:\Users\Admin\AppData\Local\Temp\ccjkpdat.s:159    .text.HAL_UART_MspInit:00000000 $t
C:\Users\Admin\AppData\Local\Temp\ccjkpdat.s:165    .text.HAL_UART_MspInit:00000000 HAL_UART_MspInit
C:\Users\Admin\AppData\Local\Temp\ccjkpdat.s:376    .text.HAL_UART_MspInit:000000e8 $d
C:\Users\Admin\AppData\Local\Temp\ccjkpdat.s:385    .text.HAL_UART_MspDeInit:00000000 $t
C:\Users\Admin\AppData\Local\Temp\ccjkpdat.s:391    .text.HAL_UART_MspDeInit:00000000 HAL_UART_MspDeInit
C:\Users\Admin\AppData\Local\Temp\ccjkpdat.s:462    .text.HAL_UART_MspDeInit:00000050 $d
C:\Users\Admin\AppData\Local\Temp\ccjkpdat.s:483    .bss.huart3:00000000 huart3
C:\Users\Admin\AppData\Local\Temp\ccjkpdat.s:476    .bss.huart1:00000000 huart1
C:\Users\Admin\AppData\Local\Temp\ccjkpdat.s:472    .bss.huart1:00000000 $d
C:\Users\Admin\AppData\Local\Temp\ccjkpdat.s:479    .bss.huart3:00000000 $d

UNDEFINED SYMBOLS
HAL_UART_Init
Error_Handler
HAL_GPIO_Init
HAL_NVIC_SetPriority
HAL_NVIC_EnableIRQ
HAL_GPIO_DeInit
HAL_NVIC_DisableIRQ
