Replace Part B1 Button 3x4x2.5 in E:\DATK\HARDWARE\UWB_Project.SchDoc with Button 3x4x2.5 from Dung Library.SchLib
Replace Part C1 CapSMD in E:\DATK\HARDWARE\UWB_Project.SchDoc with CapSMD from bla.SchLib
Replace Part C2 CapSMD in E:\DATK\HARDWARE\UWB_Project.SchDoc with CapSMD from bla.SchLib
Replace Part C3 CapSMD in E:\DATK\HARDWARE\UWB_Project.SchDoc with CapSMD from bla.SchLib
Replace Part C4 CapSMD in E:\DATK\HARDWARE\UWB_Project.SchDoc with CapSMD from bla.SchLib
Replace Part C5 CapSMD in E:\DATK\HARDWARE\UWB_Project.SchDoc with CapSMD from bla.SchLib
Replace Part C6 CapSMD in E:\DATK\HARDWARE\UWB_Project.SchDoc with CapSMD from bla.SchLib
Replace Part C7 CapSMD in E:\DATK\HARDWARE\UWB_Project.SchDoc with CapSMD from bla.SchLib
Replace Part C8 CapSMD in E:\DATK\HARDWARE\UWB_Project.SchDoc with CapSMD from bla.SchLib
Replace Part C9 CapSMD in E:\DATK\HARDWARE\UWB_Project.SchDoc with CapSMD from bla.SchLib
Replace Part C10 CapSMD in E:\DATK\HARDWARE\UWB_Project.SchDoc with CapSMD from bla.SchLib
Replace Part C11 CapSMD in E:\DATK\HARDWARE\UWB_Project.SchDoc with CapSMD from bla.SchLib
Replace Part C12 CapSMD in E:\DATK\HARDWARE\UWB_Project.SchDoc with CapSMD from bla.SchLib
Replace Part C13 CapSMD in E:\DATK\HARDWARE\UWB_Project.SchDoc with CapSMD from bla.SchLib
Replace Part C14 CapSMD in E:\DATK\HARDWARE\UWB_Project.SchDoc with CapSMD from bla.SchLib
Replace Part C15 CapSMD in E:\DATK\HARDWARE\UWB_Project.SchDoc with CapSMD from bla.SchLib
Replace Part C16 Header2 in E:\DATK\HARDWARE\UWB_Project.SchDoc with Header2 from bla.SchLib
Replace Part C17 CapSMD in E:\DATK\HARDWARE\UWB_Project.SchDoc with CapSMD from bla.SchLib
Replace Part C18 CapSMD in E:\DATK\HARDWARE\UWB_Project.SchDoc with CapSMD from bla.SchLib
Replace Part C19 CapSMD in E:\DATK\HARDWARE\UWB_Project.SchDoc with CapSMD from bla.SchLib
Replace Part D1 LED in E:\DATK\HARDWARE\UWB_Project.SchDoc with LED from bla.SchLib
Replace Part D2 LED in E:\DATK\HARDWARE\UWB_Project.SchDoc with LED from bla.SchLib
Replace Part D3 LED in E:\DATK\HARDWARE\UWB_Project.SchDoc with LED from bla.SchLib
Replace Part D4 LED in E:\DATK\HARDWARE\UWB_Project.SchDoc with LED from bla.SchLib
Replace Part D5 LED in E:\DATK\HARDWARE\UWB_Project.SchDoc with LED from bla.SchLib
Replace Part D6 LED in E:\DATK\HARDWARE\UWB_Project.SchDoc with LED from bla.SchLib
Replace Part D7 LED in E:\DATK\HARDWARE\UWB_Project.SchDoc with LED from bla.SchLib
Replace Part D8 LED in E:\DATK\HARDWARE\UWB_Project.SchDoc with LED from bla.SchLib
Replace Part D9 LED in E:\DATK\HARDWARE\UWB_Project.SchDoc with LED from bla.SchLib
Replace Part D10 LED in E:\DATK\HARDWARE\UWB_Project.SchDoc with LED from bla.SchLib
Replace Part JP1 Con4 in E:\DATK\HARDWARE\UWB_Project.SchDoc with Con4 from bla.SchLib
Replace Part JP2 Con2 in E:\DATK\HARDWARE\UWB_Project.SchDoc with Con2 from bla.SchLib
Replace Part R1 Resistor - SMD in E:\DATK\HARDWARE\UWB_Project.SchDoc with Resistor - SMD from bla.SchLib
Replace Part R2 Resistor - SMD in E:\DATK\HARDWARE\UWB_Project.SchDoc with Resistor - SMD from bla.SchLib
Replace Part R3 Resistor - SMD in E:\DATK\HARDWARE\UWB_Project.SchDoc with Resistor - SMD from bla.SchLib
Replace Part R4 Resistor - SMD in E:\DATK\HARDWARE\UWB_Project.SchDoc with Resistor - SMD from bla.SchLib
Replace Part R5 Resistor - SMD in E:\DATK\HARDWARE\UWB_Project.SchDoc with Resistor - SMD from bla.SchLib
Replace Part R6 Resistor - SMD in E:\DATK\HARDWARE\UWB_Project.SchDoc with Resistor - SMD from bla.SchLib
Replace Part R7 Resistor - SMD in E:\DATK\HARDWARE\UWB_Project.SchDoc with Resistor - SMD from bla.SchLib
Replace Part R8 Resistor - SMD in E:\DATK\HARDWARE\UWB_Project.SchDoc with Resistor - SMD from bla.SchLib
Replace Part R9 Resistor - SMD in E:\DATK\HARDWARE\UWB_Project.SchDoc with Resistor - SMD from bla.SchLib
Replace Part R10 Resistor - SMD in E:\DATK\HARDWARE\UWB_Project.SchDoc with Resistor - SMD from bla.SchLib
Replace Part R11 Resistor - SMD in E:\DATK\HARDWARE\UWB_Project.SchDoc with Resistor - SMD from bla.SchLib
Replace Part R12 Resistor - SMD in E:\DATK\HARDWARE\UWB_Project.SchDoc with Resistor - SMD from bla.SchLib
Replace Part R13 Resistor - SMD in E:\DATK\HARDWARE\UWB_Project.SchDoc with Resistor - SMD from bla.SchLib
Replace Part R14 Resistor - SMD in E:\DATK\HARDWARE\UWB_Project.SchDoc with Resistor - SMD from bla.SchLib
Replace Part R15 Resistor - SMD in E:\DATK\HARDWARE\UWB_Project.SchDoc with Resistor - SMD from bla.SchLib
Replace Part R16 Resistor - SMD in E:\DATK\HARDWARE\UWB_Project.SchDoc with Resistor - SMD from bla.SchLib
Replace Part R17 Resistor - SMD in E:\DATK\HARDWARE\UWB_Project.SchDoc with Resistor - SMD from bla.SchLib
Replace Part SW1 SW3x1 in E:\DATK\HARDWARE\UWB_Project.SchDoc with SW3x1 from bla.SchLib
Replace Part U1 STM32F103C8T6 in E:\DATK\HARDWARE\UWB_Project.SchDoc with STM32F103C8T6 from bla.SchLib
Replace Part U2 DWM1000 in E:\DATK\HARDWARE\UWB_Project.SchDoc with DWM1000 from bla.SchLib
Replace Part U3 TP4056 in E:\DATK\HARDWARE\UWB_Project.SchDoc with TP4056 from bla.SchLib
Replace Part U4 RT9013 in E:\DATK\HARDWARE\UWB_Project.SchDoc with RT9013 from bla.SchLib
Replace Part U5 DW01A in E:\DATK\HARDWARE\UWB_Project.SchDoc with DW01A from bla.SchLib
Replace Part U6 RT9013 in E:\DATK\HARDWARE\UWB_Project.SchDoc with RT9013 from bla.SchLib
Replace Part U7 CH340C in E:\DATK\HARDWARE\UWB_Project.SchDoc with CH340C from bla.SchLib
Replace Part U8 FS8205A in E:\DATK\HARDWARE\UWB_Project.SchDoc with FS8205A from bla.SchLib
Replace Part USB1 USB Micro 5p DIP in E:\DATK\HARDWARE\UWB_Project.SchDoc with USB Micro 5p DIP from Altium_Lib_by_KhueNguyenCreator.IntLib
Replace Part Y1 ABM7-16.000MHZ-D2Y-T in E:\DATK\HARDWARE\UWB_Project.SchDoc with ABM7-16.000MHZ-D2Y-T from GPS_Traking_V1_1.IntLib
