Change Physical Footprint: Designator=B1 Old Footprint=Button 3x4x2.5 New Footprint=Button 3x4x2.5
Change Physical Footprint: Designator=C1 Old Footprint=CAP_0805 New Footprint=CAP_0805
Change Physical Footprint: Designator=C2 Old Footprint=CAP_0805 New Footprint=CAP_0805
Change Physical Footprint: Designator=C3 Old Footprint=CAP_0805 New Footprint=CAP_0805
Change Physical Footprint: Designator=C4 Old Footprint=CAP_0805 New Footprint=CAP_0805
Change Physical Footprint: Designator=C5 Old Footprint=CAP_0805 New Footprint=CAP_0805
Change Physical Footprint: Designator=C6 Old Footprint=CAP_0805 New Footprint=CAP_0805
Change Physical Footprint: Designator=C7 Old Footprint=CAP_0805 New Footprint=CAP_0805
Change Physical Footprint: Designator=C8 Old Footprint=CAP_0805 New Footprint=CAP_0805
Change Physical Footprint: Designator=C9 Old Footprint=CAP_0805 New Footprint=CAP_0805
Change Physical Footprint: Designator=C10 Old Footprint=CAP_0805 New Footprint=CAP_0805
Change Physical Footprint: Designator=C11 Old Footprint=CAP_0805 New Footprint=CAP_0805
Change Physical Footprint: Designator=C12 Old Footprint=CAP_0805 New Footprint=CAP_0805
Change Physical Footprint: Designator=C13 Old Footprint=CAP_0805 New Footprint=CAP_0805
Change Physical Footprint: Designator=C14 Old Footprint=CAP_0805 New Footprint=CAP_0805
Change Physical Footprint: Designator=C15 Old Footprint=CAP_0805 New Footprint=CAP_0805
Change Physical Footprint: Designator=C16 Old Footprint=HEAD2P-1.25 New Footprint=HEAD2P-1.25
Change Physical Footprint: Designator=C17 Old Footprint=CAP_0805 New Footprint=CAP_0805
Change Physical Footprint: Designator=C18 Old Footprint=CAP_0805 New Footprint=CAP_0805
Change Physical Footprint: Designator=C19 Old Footprint=CAP_0805 New Footprint=CAP_0805
Change Physical Footprint: Designator=D1 Old Footprint=LED-0805-Green New Footprint=LED-0805-Green
Change Physical Footprint: Designator=D2 Old Footprint=LED-0805-Red New Footprint=LED-0805-Red
Change Physical Footprint: Designator=D3 Old Footprint=LED-0805-Blue New Footprint=LED-0805-Blue
Change Physical Footprint: Designator=D4 Old Footprint=LED-0805-Red New Footprint=LED-0805-Red
Change Physical Footprint: Designator=D5 Old Footprint=LED-0805-Green New Footprint=LED-0805-Green
Change Physical Footprint: Designator=D6 Old Footprint=LED-0805-Yellow New Footprint=LED-0805-Yellow
Change Physical Footprint: Designator=D7 Old Footprint=LED-0805-Yellow New Footprint=LED-0805-Yellow
Change Physical Footprint: Designator=D8 Old Footprint=LED-0805-Yellow New Footprint=LED-0805-Yellow
Change Physical Footprint: Designator=D9 Old Footprint=LED-0805-Yellow New Footprint=LED-0805-Yellow
Change Physical Footprint: Designator=D10 Old Footprint=LED-0805-Yellow New Footprint=LED-0805-Yellow
Change Physical Footprint: Designator=JP1 Old Footprint=HEADER4P-1.25 New Footprint=HEADER4P-1.25
Change Physical Footprint: Designator=JP2 Old Footprint=HEAD2P-1.25 New Footprint=HEAD2P-1.25
Change Physical Footprint: Designator=R1 Old Footprint=RES-SMD-0805 New Footprint=RES-SMD-0805
Change Physical Footprint: Designator=R2 Old Footprint=RES-SMD-0805 New Footprint=RES-SMD-0805
Change Physical Footprint: Designator=R3 Old Footprint=RES-SMD-0805 New Footprint=RES-SMD-0805
Change Physical Footprint: Designator=R4 Old Footprint=RES-SMD-0805 New Footprint=RES-SMD-0805
Change Physical Footprint: Designator=R5 Old Footprint=RES-SMD-0805 New Footprint=RES-SMD-0805
Change Physical Footprint: Designator=R6 Old Footprint=RES-SMD-0805 New Footprint=RES-SMD-0805
Change Physical Footprint: Designator=R7 Old Footprint=RES-SMD-0805 New Footprint=RES-SMD-0805
Change Physical Footprint: Designator=R8 Old Footprint=RES-SMD-0805 New Footprint=RES-SMD-0805
Change Physical Footprint: Designator=R9 Old Footprint=RES-SMD-0805 New Footprint=RES-SMD-0805
Change Physical Footprint: Designator=R10 Old Footprint=RES-SMD-0805 New Footprint=RES-SMD-0805
Change Physical Footprint: Designator=R11 Old Footprint=RES-SMD-0805 New Footprint=RES-SMD-0805
Change Physical Footprint: Designator=R12 Old Footprint=RES-SMD-0805 New Footprint=RES-SMD-0805
Change Physical Footprint: Designator=R13 Old Footprint=RES-SMD-0805 New Footprint=RES-SMD-0805
Change Physical Footprint: Designator=R14 Old Footprint=RES-SMD-0805 New Footprint=RES-SMD-0805
Change Physical Footprint: Designator=R15 Old Footprint=RES-SMD-0805 New Footprint=RES-SMD-0805
Change Physical Footprint: Designator=R16 Old Footprint=RES-SMD-0805 New Footprint=RES-SMD-0805
Change Physical Footprint: Designator=R17 Old Footprint=RES-SMD-0805 New Footprint=RES-SMD-0805
Change Physical Footprint: Designator=SW1 Old Footprint=SLIDE_SW New Footprint=SLIDE_SW
Change Physical Footprint: Designator=U1 Old Footprint=STM32F103C8T6 New Footprint=STM32F103C8T6
Change Physical Footprint: Designator=U2 Old Footprint=DW1000 New Footprint=DW1000
Change Physical Footprint: Designator=U3 Old Footprint=TP4056 New Footprint=TP4056
Change Physical Footprint: Designator=U4 Old Footprint=RT9013 New Footprint=RT9013
Change Physical Footprint: Designator=U5 Old Footprint=SOT23-6 New Footprint=SOT23-6
Change Physical Footprint: Designator=U6 Old Footprint=RT9013 New Footprint=RT9013
Change Physical Footprint: Designator=U7 Old Footprint=SO16 New Footprint=SO16
Change Physical Footprint: Designator=U8 Old Footprint=FS8205A New Footprint=FS8205A
Change Physical Footprint: Designator=USB1 Old Footprint=USB Micro 5p DIP New Footprint=USB Micro 5p DIP
Change Physical Footprint: Designator=Y1 Old Footprint=ABM7_v1_1_BIG New Footprint=ABM7_v1_1_BIG
